<?xml version="1.0" encoding="UTF-8"?>
<TestRun id="56a3b7ad-65df-4c4f-90c1-cdc2acf9a7b8" name="Paul@PAUL-PC 2009-02-04 12:28:22" runUser="Paul-PC\Paul" xmlns="http://microsoft.com/schemas/VisualStudio/TeamTest/2006">
  <TestRunConfiguration name="Local Test Run" id="99e0183f-8cfc-4c10-93df-a69dc780f667">
    <Description>This is a default test run configuration for a local test run.</Description>
    <CodeCoverage enabled="true">
      <Regular>
        <CodeCoverageItem binaryFile="T:\Code\Personal\presentations\AOP\Demos\Logging with PostSharp\bin\Debug\Demo.exe" pdbFile="T:\Code\Personal\presentations\AOP\Demos\Logging with PostSharp\bin\Debug\Demo.instr.pdb" instrumentInPlace="true" />
      </Regular>
    </CodeCoverage>
    <Deployment runDeploymentRoot="T:\Code\Personal\presentations\AOP\Demos\TestResults\Paul_PAUL-PC 2009-02-04 12_28_22">
      <DeploymentItem filename="T:\Code\Personal\presentations\AOP\Demos\Logging with PostSharp\bin\Debug\Demo.exe" />
    </Deployment>
    <Plugins>
      <Plugin>Microsoft.VisualStudio.TestTools.CodeCoverage.CoveragePlugIn, Microsoft.VisualStudio.QualityTools.Plugins.CodeCoverage, PublicKeyToken=b03f5f7f11d50a3a</Plugin>
    </Plugins>
    <TestTypeSpecific>
      <WebTestRunConfiguration testTypeId="4e7599fa-5ecb-43e9-a887-cd63cf72d207">
        <Browser name="Internet Explorer 7.0">
          <Headers>
            <Header name="User-Agent" value="Mozilla/4.0 (compatible; MSIE 7.0; Windows NT 5.1)" />
            <Header name="Accept" value="*/*" />
            <Header name="Accept-Language" value="{{$IEAcceptLanguage}}" />
            <Header name="Accept-Encoding" value="GZIP" />
          </Headers>
        </Browser>
        <Network Name="LAN" BandwidthInKbps="0" />
      </WebTestRunConfiguration>
    </TestTypeSpecific>
  </TestRunConfiguration>
  <ResultSummary outcome="Warning">
    <Counters total="1" executed="1" passed="1" error="0" failed="0" timeout="0" aborted="0" inconclusive="0" passedButRunAborted="0" notRunnable="0" notExecuted="0" disconnected="0" warning="0" completed="0" inProgress="0" pending="0" />
    <RunInfos>
      <RunInfo computerName="PAUL-PC" outcome="Warning" timestamp="2009-02-04T12:28:24.9829955+11:00">
        <Text>Code coverage instrumentation warning while processing file Demo.exe:
Warning VSP2013 : Instrumenting this image requires it to run as a 32-bit process.  The CLR header flags have been updated to reflect this.</Text>
      </RunInfo>
    </RunInfos>
  </ResultSummary>
  <Times creation="2009-02-04T12:28:22.3458447+11:00" queuing="2009-02-04T12:28:25.6030310+11:00" start="2009-02-04T12:28:25.8950477+11:00" finish="2009-02-04T12:28:28.3801898+11:00" />
  <TestDefinitions>
    <UnitTest name="TestMethod1" storage="t:\code\personal\presentations\aop\demos\loggingtests\bin\debug\loggingtests.dll" id="bb7283f9-a526-d152-5bba-48ed256b9578">
      <Css projectStructure="" iteration="" />
      <Owners>
        <Owner name="" />
      </Owners>
      <Execution id="9370df41-a958-4017-a97d-3c5a23595ef4" />
      <TestMethod codeBase="T:/Code/Personal/presentations/AOP/Demos/LoggingTests/bin/Debug/LoggingTests.DLL" adapterTypeName="Microsoft.VisualStudio.TestTools.TestTypes.Unit.UnitTestAdapter, Microsoft.VisualStudio.QualityTools.Tips.UnitTest.Adapter" className="LoggingTests.UnitTest1, LoggingTests, Version=1.0.0.0, Culture=neutral, PublicKeyToken=null" name="TestMethod1" />
    </UnitTest>
  </TestDefinitions>
  <TestLists>
    <TestList name="Results Not in a List" id="8c84fa94-04c1-424b-9868-57a2d4851a1d" />
    <TestList name="All Loaded Results" id="19431567-8539-422a-85d7-44ee4e166bda" />
  </TestLists>
  <TestEntries>
    <TestEntry testId="bb7283f9-a526-d152-5bba-48ed256b9578" executionId="9370df41-a958-4017-a97d-3c5a23595ef4" testListId="8c84fa94-04c1-424b-9868-57a2d4851a1d" />
  </TestEntries>
  <Results>
    <UnitTestResult executionId="9370df41-a958-4017-a97d-3c5a23595ef4" testId="bb7283f9-a526-d152-5bba-48ed256b9578" testName="TestMethod1" computerName="PAUL-PC" duration="00:00:00.2081092" startTime="2009-02-04T12:28:26.5160832+11:00" endTime="2009-02-04T12:28:27.1621201+11:00" testType="13cdc9d9-ddb5-4fa4-a97d-d965ccfc6d4b" outcome="Passed" testListId="8c84fa94-04c1-424b-9868-57a2d4851a1d">
      <Output>
        <DebugTrace>Begin FindByName(name = Paul)
End FindByName
</DebugTrace>
      </Output>
    </UnitTestResult>
  </Results>
</TestRun>